<?xml version="1.0" encoding="UTF-8"?>
<testsuite name="LunchClubTest" tests="5" skipped="0" failures="0" errors="0" timestamp="2024-11-07T23:12:36" hostname="DESKTOP-HRH8VKH" time="0.027">
  <properties/>
  <testcase name="moo()" classname="LunchClubTest" time="0.021"/>
  <testcase name="addGroupToLine_addTwoPeople_fiveMembers()" classname="LunchClubTest" time="0.003"/>
  <testcase name="getMembersInLine_called_lineContainsOriginalMembers()" classname="LunchClubTest" time="0.001"/>
  <testcase name="serveMember_removeFirstMember_twoMembers()" classname="LunchClubTest" time="0.001"/>
  <testcase name="addMemberToLine_addOneMember_fourMembers()" classname="LunchClubTest" time="0.001"/>
  <system-out><![CDATA[]]></system-out>
  <system-err><![CDATA[]]></system-err>
</testsuite>
